{"/Users/guilhermejacobsen/www/my/exercises/clean-arch-node/src/index.ts": {"path":"/Users/guilhermejacobsen/www/my/exercises/clean-arch-node/src/index.ts","statementMap":{"0":{"start":{"line":1,"column":0},"end":{"line":1,"column":19}}},"fnMap":{},"branchMap":{},"s":{"0":0},"f":{},"b":{}}
,"/Users/guilhermejacobsen/www/my/exercises/clean-arch-node/src/data/usecases/db-add-account/db-account-protocols.ts": {"path":"/Users/guilhermejacobsen/www/my/exercises/clean-arch-node/src/data/usecases/db-add-account/db-account-protocols.ts","statementMap":{"0":{"start":{"line":1,"column":0},"end":{"line":1,"column":47}},"1":{"start":{"line":2,"column":0},"end":{"line":2,"column":53}},"2":{"start":{"line":3,"column":0},"end":{"line":3,"column":42}},"3":{"start":{"line":4,"column":0},"end":{"line":4,"column":55}}},"fnMap":{},"branchMap":{},"s":{"0":0,"1":0,"2":0,"3":0},"f":{},"b":{}}
,"/Users/guilhermejacobsen/www/my/exercises/clean-arch-node/src/data/usecases/db-add-account/db-add-account.ts": {"path":"/Users/guilhermejacobsen/www/my/exercises/clean-arch-node/src/data/usecases/db-add-account/db-add-account.ts","statementMap":{"0":{"start":{"line":17,"column":4},"end":{"line":17,"column":31}},"1":{"start":{"line":18,"column":4},"end":{"line":18,"column":53}},"2":{"start":{"line":22,"column":27},"end":{"line":22,"column":77}},"3":{"start":{"line":23,"column":20},"end":{"line":24,"column":null}},"4":{"start":{"line":26,"column":4},"end":{"line":26,"column":54}},"5":{"start":{"line":26,"column":36},"end":{"line":26,"column":52}},"6":{"start":{"line":9,"column":0},"end":{"line":9,"column":13}}},"fnMap":{"0":{"name":"(anonymous_7)","decl":{"start":{"line":13,"column":2},"end":{"line":13,"column":null}},"loc":{"start":{"line":15,"column":46},"end":{"line":19,"column":3}}},"1":{"name":"(anonymous_8)","decl":{"start":{"line":21,"column":8},"end":{"line":21,"column":11}},"loc":{"start":{"line":21,"column":40},"end":{"line":27,"column":null}}},"2":{"name":"(anonymous_10)","decl":{"start":{"line":26,"column":23},"end":{"line":26,"column":24}},"loc":{"start":{"line":26,"column":36},"end":{"line":26,"column":52}}}},"branchMap":{},"s":{"0":9,"1":9,"2":6,"3":5,"4":4,"5":4,"6":5},"f":{"0":9,"1":6,"2":4},"b":{}}
,"/Users/guilhermejacobsen/www/my/exercises/clean-arch-node/src/infra/criptography/bcrypt-adapter.ts": {"path":"/Users/guilhermejacobsen/www/my/exercises/clean-arch-node/src/infra/criptography/bcrypt-adapter.ts","statementMap":{"0":{"start":{"line":1,"column":0},"end":{"line":1,"column":28}},"1":{"start":{"line":8,"column":4},"end":{"line":8,"column":21}},"2":{"start":{"line":11,"column":17},"end":{"line":11,"column":52}},"3":{"start":{"line":12,"column":4},"end":{"line":12,"column":16}},"4":{"start":{"line":4,"column":0},"end":{"line":4,"column":13}}},"fnMap":{"0":{"name":"(anonymous_8)","decl":{"start":{"line":7,"column":2},"end":{"line":7,"column":14}},"loc":{"start":{"line":7,"column":26},"end":{"line":9,"column":3}}},"1":{"name":"(anonymous_9)","decl":{"start":{"line":10,"column":8},"end":{"line":10,"column":15}},"loc":{"start":{"line":10,"column":29},"end":{"line":13,"column":null}}}},"branchMap":{},"s":{"0":5,"1":7,"2":4,"3":3,"4":5},"f":{"0":7,"1":4},"b":{}}
,"/Users/guilhermejacobsen/www/my/exercises/clean-arch-node/src/infra/db/mongodb/account-repository/account.ts": {"path":"/Users/guilhermejacobsen/www/my/exercises/clean-arch-node/src/infra/db/mongodb/account-repository/account.ts","statementMap":{"0":{"start":{"line":4,"column":0},"end":{"line":4,"column":54}},"1":{"start":{"line":8,"column":30},"end":{"line":8,"column":73}},"2":{"start":{"line":9,"column":19},"end":{"line":9,"column":65}},"3":{"start":{"line":10,"column":20},"end":{"line":12,"column":6}},"4":{"start":{"line":13,"column":4},"end":{"line":13,"column":36}},"5":{"start":{"line":6,"column":0},"end":{"line":6,"column":13}}},"fnMap":{"0":{"name":"(anonymous_7)","decl":{"start":{"line":7,"column":8},"end":{"line":7,"column":11}},"loc":{"start":{"line":7,"column":40},"end":{"line":14,"column":null}}}},"branchMap":{},"s":{"0":5,"1":2,"2":2,"3":2,"4":2,"5":5},"f":{"0":2},"b":{}}
,"/Users/guilhermejacobsen/www/my/exercises/clean-arch-node/src/infra/db/mongodb/helpers/mongo-helper.ts": {"path":"/Users/guilhermejacobsen/www/my/exercises/clean-arch-node/src/infra/db/mongodb/helpers/mongo-helper.ts","statementMap":{"0":{"start":{"line":1,"column":0},"end":{"line":1,"column":50}},"1":{"start":{"line":3,"column":13},"end":{"line":30,"column":2}},"2":{"start":{"line":8,"column":4},"end":{"line":8,"column":19}},"3":{"start":{"line":9,"column":4},"end":{"line":9,"column":49}},"4":{"start":{"line":13,"column":4},"end":{"line":13,"column":30}},"5":{"start":{"line":14,"column":4},"end":{"line":14,"column":23}},"6":{"start":{"line":18,"column":4},"end":{"line":20,"column":null}},"7":{"start":{"line":19,"column":6},"end":{"line":19,"column":35}},"8":{"start":{"line":21,"column":4},"end":{"line":21,"column":45}},"9":{"start":{"line":25,"column":44},"end":{"line":25,"column":54}},"10":{"start":{"line":25,"column":39},"end":{"line":25,"column":44}},"11":{"start":{"line":26,"column":4},"end":{"line":28,"column":7}}},"fnMap":{"0":{"name":"(anonymous_8)","decl":{"start":{"line":7,"column":8},"end":{"line":7,"column":15}},"loc":{"start":{"line":7,"column":27},"end":{"line":10,"column":null}}},"1":{"name":"(anonymous_10)","decl":{"start":{"line":12,"column":8},"end":{"line":12,"column":17}},"loc":{"start":{"line":12,"column":17},"end":{"line":15,"column":null}}},"2":{"name":"(anonymous_12)","decl":{"start":{"line":17,"column":8},"end":{"line":17,"column":21}},"loc":{"start":{"line":17,"column":34},"end":{"line":22,"column":null}}},"3":{"name":"(anonymous_14)","decl":{"start":{"line":24,"column":2},"end":{"line":24,"column":5}},"loc":{"start":{"line":24,"column":21},"end":{"line":29,"column":3}}}},"branchMap":{"0":{"loc":{"start":{"line":18,"column":4},"end":{"line":20,"column":null}},"type":"if","locations":[{"start":{"line":18,"column":4},"end":{"line":20,"column":null}}]}},"s":{"0":7,"1":7,"2":5,"3":5,"4":5,"5":5,"6":8,"7":1,"8":8,"9":2,"10":2,"11":2},"f":{"0":5,"1":5,"2":8,"3":2},"b":{"0":[1]}}
,"/Users/guilhermejacobsen/www/my/exercises/clean-arch-node/src/infra/db/mongodb/log-repository/log.ts": {"path":"/Users/guilhermejacobsen/www/my/exercises/clean-arch-node/src/infra/db/mongodb/log-repository/log.ts","statementMap":{"0":{"start":{"line":2,"column":0},"end":{"line":2,"column":54}},"1":{"start":{"line":6,"column":28},"end":{"line":6,"column":69}},"2":{"start":{"line":7,"column":4},"end":{"line":10,"column":7}},"3":{"start":{"line":4,"column":0},"end":{"line":4,"column":13}}},"fnMap":{"0":{"name":"(anonymous_7)","decl":{"start":{"line":5,"column":8},"end":{"line":5,"column":16}},"loc":{"start":{"line":5,"column":30},"end":{"line":11,"column":null}}}},"branchMap":{},"s":{"0":5,"1":1,"2":1,"3":5},"f":{"0":1},"b":{}}
,"/Users/guilhermejacobsen/www/my/exercises/clean-arch-node/src/main/server.ts": {"path":"/Users/guilhermejacobsen/www/my/exercises/clean-arch-node/src/main/server.ts","statementMap":{"0":{"start":{"line":1,"column":0},"end":{"line":1,"column":71}},"1":{"start":{"line":2,"column":0},"end":{"line":2,"column":31}},"2":{"start":{"line":4,"column":0},"end":{"line":11,"column":24}},"3":{"start":{"line":5,"column":19},"end":{"line":10,"column":4}},"4":{"start":{"line":6,"column":20},"end":{"line":6,"column":48}},"5":{"start":{"line":7,"column":4},"end":{"line":9,"column":6}},"6":{"start":{"line":8,"column":6},"end":{"line":8,"column":67}}},"fnMap":{"0":{"name":"(anonymous_14)","decl":{"start":{"line":5,"column":8},"end":{"line":5,"column":17}},"loc":{"start":{"line":5,"column":19},"end":{"line":10,"column":4}}},"1":{"name":"(anonymous_15)","decl":{"start":{"line":5,"column":19},"end":{"line":5,"column":null}},"loc":{"start":{"line":5,"column":19},"end":{"line":10,"column":3}}},"2":{"name":"(anonymous_16)","decl":{"start":{"line":6,"column":20},"end":{"line":6,"column":33}},"loc":{"start":{"line":6,"column":20},"end":{"line":6,"column":48}}},"3":{"name":"(anonymous_17)","decl":{"start":{"line":7,"column":25},"end":{"line":7,"column":28}},"loc":{"start":{"line":8,"column":6},"end":{"line":8,"column":67}}}},"branchMap":{},"s":{"0":0,"1":0,"2":0,"3":0,"4":0,"5":0,"6":0},"f":{"0":0,"1":0,"2":0,"3":0},"b":{}}
,"/Users/guilhermejacobsen/www/my/exercises/clean-arch-node/src/main/adapters/express-route-adapter.ts": {"path":"/Users/guilhermejacobsen/www/my/exercises/clean-arch-node/src/main/adapters/express-route-adapter.ts","statementMap":{"0":{"start":{"line":4,"column":26},"end":{"line":18,"column":1}},"1":{"start":{"line":5,"column":2},"end":{"line":17,"column":4}},"2":{"start":{"line":5,"column":47},"end":{"line":17,"column":4}},"3":{"start":{"line":6,"column":37},"end":{"line":8,"column":6}},"4":{"start":{"line":9,"column":25},"end":{"line":9,"column":61}},"5":{"start":{"line":10,"column":4},"end":{"line":16,"column":null}},"6":{"start":{"line":11,"column":6},"end":{"line":11,"column":66}},"7":{"start":{"line":13,"column":6},"end":{"line":15,"column":52}},"8":{"start":{"line":4,"column":13},"end":{"line":4,"column":26}}},"fnMap":{"0":{"name":"(anonymous_7)","decl":{"start":{"line":4,"column":26},"end":{"line":4,"column":27}},"loc":{"start":{"line":4,"column":53},"end":{"line":18,"column":1}}},"1":{"name":"(anonymous_8)","decl":{"start":{"line":5,"column":9},"end":{"line":5,"column":16}},"loc":{"start":{"line":5,"column":47},"end":{"line":17,"column":4}}},"2":{"name":"(anonymous_9)","decl":{"start":{"line":5,"column":47},"end":{"line":5,"column":null}},"loc":{"start":{"line":5,"column":47},"end":{"line":17,"column":3}}}},"branchMap":{"0":{"loc":{"start":{"line":10,"column":4},"end":{"line":16,"column":null}},"type":"if","locations":[{"start":{"line":10,"column":4},"end":{"line":16,"column":null}},{"start":{"line":12,"column":11},"end":{"line":16,"column":null}}]}},"s":{"0":4,"1":4,"2":1,"3":1,"4":1,"5":1,"6":1,"7":0,"8":4},"f":{"0":4,"1":1,"2":1},"b":{"0":[1,0]}}
,"/Users/guilhermejacobsen/www/my/exercises/clean-arch-node/src/main/config/app.ts": {"path":"/Users/guilhermejacobsen/www/my/exercises/clean-arch-node/src/main/config/app.ts","statementMap":{"0":{"start":{"line":1,"column":0},"end":{"line":1,"column":30}},"1":{"start":{"line":2,"column":0},"end":{"line":2,"column":45}},"2":{"start":{"line":3,"column":0},"end":{"line":3,"column":35}},"3":{"start":{"line":5,"column":12},"end":{"line":5,"column":21}},"4":{"start":{"line":9,"column":9},"end":{"line":9,"column":12}},"5":{"start":{"line":6,"column":0},"end":{"line":6,"column":22}},"6":{"start":{"line":7,"column":0},"end":{"line":7,"column":17}}},"fnMap":{},"branchMap":{},"s":{"0":4,"1":4,"2":4,"3":4,"4":4,"5":4,"6":4},"f":{},"b":{}}
,"/Users/guilhermejacobsen/www/my/exercises/clean-arch-node/src/main/config/env.ts": {"path":"/Users/guilhermejacobsen/www/my/exercises/clean-arch-node/src/main/config/env.ts","statementMap":{"0":{"start":{"line":1,"column":0},"end":{"line":4,"column":2}}},"fnMap":{},"branchMap":{"0":{"loc":{"start":{"line":2,"column":12},"end":{"line":2,"column":79}},"type":"binary-expr","locations":[{"start":{"line":2,"column":12},"end":{"line":2,"column":33}},{"start":{"line":2,"column":37},"end":{"line":2,"column":79}}]},"1":{"loc":{"start":{"line":3,"column":8},"end":{"line":3,"column":32}},"type":"binary-expr","locations":[{"start":{"line":3,"column":8},"end":{"line":3,"column":24}},{"start":{"line":3,"column":28},"end":{"line":3,"column":32}}]}},"s":{"0":0},"f":{},"b":{"0":[0,0],"1":[0,0]}}
,"/Users/guilhermejacobsen/www/my/exercises/clean-arch-node/src/main/config/middlewares.ts": {"path":"/Users/guilhermejacobsen/www/my/exercises/clean-arch-node/src/main/config/middlewares.ts","statementMap":{"0":{"start":{"line":2,"column":0},"end":{"line":2,"column":63}},"1":{"start":{"line":4,"column":0},"end":{"line":8,"column":2}},"2":{"start":{"line":5,"column":2},"end":{"line":5,"column":22}},"3":{"start":{"line":6,"column":2},"end":{"line":6,"column":16}},"4":{"start":{"line":7,"column":2},"end":{"line":7,"column":23}}},"fnMap":{"0":{"name":"(anonymous_0)","decl":{"start":{"line":4,"column":15},"end":{"line":4,"column":16}},"loc":{"start":{"line":4,"column":38},"end":{"line":8,"column":1}}}},"branchMap":{},"s":{"0":4,"1":4,"2":4,"3":4,"4":4},"f":{"0":4},"b":{}}
,"/Users/guilhermejacobsen/www/my/exercises/clean-arch-node/src/main/config/routes.ts": {"path":"/Users/guilhermejacobsen/www/my/exercises/clean-arch-node/src/main/config/routes.ts","statementMap":{"0":{"start":{"line":1,"column":0},"end":{"line":1,"column":42}},"1":{"start":{"line":2,"column":0},"end":{"line":2,"column":27}},"2":{"start":{"line":4,"column":0},"end":{"line":10,"column":2}},"3":{"start":{"line":5,"column":17},"end":{"line":5,"column":25}},"4":{"start":{"line":6,"column":2},"end":{"line":6,"column":26}},"5":{"start":{"line":7,"column":2},"end":{"line":9,"column":4}},"6":{"start":{"line":7,"column":64},"end":{"line":8,"column":null}},"7":{"start":{"line":8,"column":4},"end":{"line":8,"column":null}},"8":{"start":{"line":8,"column":36},"end":{"line":8,"column":37}}},"fnMap":{"0":{"name":"(anonymous_14)","decl":{"start":{"line":4,"column":15},"end":{"line":4,"column":16}},"loc":{"start":{"line":4,"column":38},"end":{"line":10,"column":1}}},"1":{"name":"(anonymous_15)","decl":{"start":{"line":7,"column":49},"end":{"line":7,"column":56}},"loc":{"start":{"line":7,"column":64},"end":{"line":8,"column":null}}},"2":{"name":"(anonymous_16)","decl":{"start":{"line":7,"column":64},"end":{"line":7,"column":null}},"loc":{"start":{"line":7,"column":64},"end":{"line":8,"column":null}}},"3":{"name":"(anonymous_17)","decl":{"start":{"line":8,"column":36},"end":{"line":8,"column":37}},"loc":{"start":{"line":8,"column":36},"end":{"line":8,"column":37}}}},"branchMap":{},"s":{"0":4,"1":4,"2":4,"3":4,"4":4,"5":4,"6":4,"7":4,"8":4},"f":{"0":4,"1":4,"2":4,"3":4},"b":{}}
,"/Users/guilhermejacobsen/www/my/exercises/clean-arch-node/src/main/decorators/log.ts": {"path":"/Users/guilhermejacobsen/www/my/exercises/clean-arch-node/src/main/decorators/log.ts","statementMap":{"0":{"start":{"line":12,"column":4},"end":{"line":12,"column":33}},"1":{"start":{"line":13,"column":4},"end":{"line":13,"column":49}},"2":{"start":{"line":16,"column":24},"end":{"line":16,"column":65}},"3":{"start":{"line":17,"column":4},"end":{"line":19,"column":null}},"4":{"start":{"line":18,"column":6},"end":{"line":18,"column":69}},"5":{"start":{"line":20,"column":4},"end":{"line":20,"column":23}},"6":{"start":{"line":8,"column":0},"end":{"line":8,"column":13}}},"fnMap":{"0":{"name":"(anonymous_7)","decl":{"start":{"line":11,"column":2},"end":{"line":11,"column":14}},"loc":{"start":{"line":11,"column":76},"end":{"line":14,"column":3}}},"1":{"name":"(anonymous_8)","decl":{"start":{"line":15,"column":8},"end":{"line":15,"column":14}},"loc":{"start":{"line":15,"column":39},"end":{"line":21,"column":null}}}},"branchMap":{"0":{"loc":{"start":{"line":17,"column":4},"end":{"line":19,"column":null}},"type":"if","locations":[{"start":{"line":17,"column":4},"end":{"line":19,"column":null}}]}},"s":{"0":7,"1":7,"2":4,"3":4,"4":1,"5":4,"6":5},"f":{"0":7,"1":4},"b":{"0":[1]}}
,"/Users/guilhermejacobsen/www/my/exercises/clean-arch-node/src/main/factories/login/login-validation.ts": {"path":"/Users/guilhermejacobsen/www/my/exercises/clean-arch-node/src/main/factories/login/login-validation.ts","statementMap":{"0":{"start":{"line":1,"column":0},"end":{"line":1,"column":92}},"1":{"start":{"line":2,"column":0},"end":{"line":2,"column":109}},"2":{"start":{"line":4,"column":0},"end":{"line":4,"column":100}},"3":{"start":{"line":5,"column":0},"end":{"line":5,"column":79}},"4":{"start":{"line":7,"column":35},"end":{"line":15,"column":1}},"5":{"start":{"line":8,"column":36},"end":{"line":8,"column":38}},"6":{"start":{"line":9,"column":2},"end":{"line":11,"column":null}},"7":{"start":{"line":10,"column":4},"end":{"line":10,"column":57}},"8":{"start":{"line":12,"column":2},"end":{"line":12,"column":78}},"9":{"start":{"line":14,"column":2},"end":{"line":14,"column":46}},"10":{"start":{"line":7,"column":13},"end":{"line":7,"column":35}}},"fnMap":{"0":{"name":"(anonymous_0)","decl":{"start":{"line":7,"column":35},"end":{"line":7,"column":59}},"loc":{"start":{"line":7,"column":61},"end":{"line":15,"column":1}}}},"branchMap":{},"s":{"0":1,"1":1,"2":1,"3":1,"4":1,"5":1,"6":1,"7":2,"8":1,"9":1,"10":1},"f":{"0":1},"b":{}}
,"/Users/guilhermejacobsen/www/my/exercises/clean-arch-node/src/main/factories/signup/signup-validation.ts": {"path":"/Users/guilhermejacobsen/www/my/exercises/clean-arch-node/src/main/factories/signup/signup-validation.ts","statementMap":{"0":{"start":{"line":1,"column":0},"end":{"line":1,"column":109}},"1":{"start":{"line":2,"column":0},"end":{"line":2,"column":92}},"2":{"start":{"line":3,"column":0},"end":{"line":3,"column":109}},"3":{"start":{"line":5,"column":0},"end":{"line":5,"column":100}},"4":{"start":{"line":6,"column":0},"end":{"line":6,"column":79}},"5":{"start":{"line":8,"column":36},"end":{"line":20,"column":1}},"6":{"start":{"line":9,"column":36},"end":{"line":9,"column":38}},"7":{"start":{"line":10,"column":2},"end":{"line":12,"column":null}},"8":{"start":{"line":11,"column":4},"end":{"line":11,"column":57}},"9":{"start":{"line":13,"column":2},"end":{"line":15,"column":4}},"10":{"start":{"line":17,"column":2},"end":{"line":17,"column":78}},"11":{"start":{"line":19,"column":2},"end":{"line":19,"column":46}},"12":{"start":{"line":8,"column":13},"end":{"line":8,"column":36}}},"fnMap":{"0":{"name":"(anonymous_0)","decl":{"start":{"line":8,"column":36},"end":{"line":8,"column":60}},"loc":{"start":{"line":8,"column":62},"end":{"line":20,"column":1}}}},"branchMap":{},"s":{"0":5,"1":5,"2":5,"3":5,"4":5,"5":5,"6":5,"7":5,"8":20,"9":5,"10":5,"11":5,"12":5},"f":{"0":5},"b":{}}
,"/Users/guilhermejacobsen/www/my/exercises/clean-arch-node/src/main/factories/signup/signup.ts": {"path":"/Users/guilhermejacobsen/www/my/exercises/clean-arch-node/src/main/factories/signup/signup.ts","statementMap":{"0":{"start":{"line":1,"column":0},"end":{"line":1,"column":84}},"1":{"start":{"line":2,"column":0},"end":{"line":2,"column":75}},"2":{"start":{"line":3,"column":0},"end":{"line":3,"column":94}},"3":{"start":{"line":4,"column":0},"end":{"line":4,"column":82}},"4":{"start":{"line":5,"column":0},"end":{"line":5,"column":83}},"5":{"start":{"line":7,"column":0},"end":{"line":7,"column":62}},"6":{"start":{"line":8,"column":0},"end":{"line":8,"column":59}},"7":{"start":{"line":10,"column":36},"end":{"line":22,"column":1}},"8":{"start":{"line":11,"column":15},"end":{"line":11,"column":17}},"9":{"start":{"line":12,"column":20},"end":{"line":12,"column":43}},"10":{"start":{"line":13,"column":31},"end":{"line":13,"column":59}},"11":{"start":{"line":14,"column":29},"end":{"line":14,"column":53}},"12":{"start":{"line":15,"column":23},"end":{"line":15,"column":72}},"13":{"start":{"line":17,"column":27},"end":{"line":19,"column":null}},"14":{"start":{"line":21,"column":2},"end":{"line":21,"column":74}},"15":{"start":{"line":10,"column":13},"end":{"line":10,"column":36}}},"fnMap":{"0":{"name":"(anonymous_0)","decl":{"start":{"line":10,"column":36},"end":{"line":10,"column":51}},"loc":{"start":{"line":10,"column":53},"end":{"line":22,"column":1}}}},"branchMap":{},"s":{"0":4,"1":4,"2":4,"3":4,"4":4,"5":4,"6":4,"7":4,"8":4,"9":4,"10":4,"11":4,"12":4,"13":4,"14":4,"15":4},"f":{"0":4},"b":{}}
,"/Users/guilhermejacobsen/www/my/exercises/clean-arch-node/src/main/middlewares/body-parser.ts": {"path":"/Users/guilhermejacobsen/www/my/exercises/clean-arch-node/src/main/middlewares/body-parser.ts","statementMap":{"0":{"start":{"line":1,"column":0},"end":{"line":1,"column":31}},"1":{"start":{"line":3,"column":13},"end":{"line":3,"column":33}}},"fnMap":{},"branchMap":{},"s":{"0":4,"1":4},"f":{},"b":{}}
,"/Users/guilhermejacobsen/www/my/exercises/clean-arch-node/src/main/middlewares/content-type.ts": {"path":"/Users/guilhermejacobsen/www/my/exercises/clean-arch-node/src/main/middlewares/content-type.ts","statementMap":{"0":{"start":{"line":2,"column":27},"end":{"line":9,"column":1}},"1":{"start":{"line":7,"column":2},"end":{"line":7,"column":19}},"2":{"start":{"line":8,"column":2},"end":{"line":8,"column":9}},"3":{"start":{"line":2,"column":13},"end":{"line":2,"column":27}}},"fnMap":{"0":{"name":"(anonymous_0)","decl":{"start":{"line":2,"column":27},"end":{"line":2,"column":null}},"loc":{"start":{"line":6,"column":10},"end":{"line":9,"column":1}}}},"branchMap":{},"s":{"0":4,"1":5,"2":5,"3":4},"f":{"0":5},"b":{}}
,"/Users/guilhermejacobsen/www/my/exercises/clean-arch-node/src/main/middlewares/cors.ts": {"path":"/Users/guilhermejacobsen/www/my/exercises/clean-arch-node/src/main/middlewares/cors.ts","statementMap":{"0":{"start":{"line":2,"column":20},"end":{"line":7,"column":1}},"1":{"start":{"line":3,"column":2},"end":{"line":3,"column":46}},"2":{"start":{"line":4,"column":2},"end":{"line":4,"column":47}},"3":{"start":{"line":5,"column":2},"end":{"line":5,"column":47}},"4":{"start":{"line":6,"column":2},"end":{"line":6,"column":9}},"5":{"start":{"line":2,"column":13},"end":{"line":2,"column":20}}},"fnMap":{"0":{"name":"(anonymous_0)","decl":{"start":{"line":2,"column":20},"end":{"line":2,"column":21}},"loc":{"start":{"line":2,"column":78},"end":{"line":7,"column":1}}}},"branchMap":{},"s":{"0":4,"1":5,"2":5,"3":5,"4":5,"5":4},"f":{"0":5},"b":{}}
,"/Users/guilhermejacobsen/www/my/exercises/clean-arch-node/src/main/middlewares/index.ts": {"path":"/Users/guilhermejacobsen/www/my/exercises/clean-arch-node/src/main/middlewares/index.ts","statementMap":{"0":{"start":{"line":1,"column":0},"end":{"line":1,"column":30}},"1":{"start":{"line":2,"column":0},"end":{"line":2,"column":31}},"2":{"start":{"line":3,"column":0},"end":{"line":3,"column":23}}},"fnMap":{},"branchMap":{},"s":{"0":4,"1":4,"2":4},"f":{},"b":{}}
,"/Users/guilhermejacobsen/www/my/exercises/clean-arch-node/src/main/routes/signup-routes.ts": {"path":"/Users/guilhermejacobsen/www/my/exercises/clean-arch-node/src/main/routes/signup-routes.ts","statementMap":{"0":{"start":{"line":2,"column":0},"end":{"line":2,"column":63}},"1":{"start":{"line":3,"column":0},"end":{"line":3,"column":66}},"2":{"start":{"line":5,"column":0},"end":{"line":7,"column":2}},"3":{"start":{"line":6,"column":2},"end":{"line":6,"column":61}}},"fnMap":{"0":{"name":"(anonymous_0)","decl":{"start":{"line":5,"column":15},"end":{"line":5,"column":16}},"loc":{"start":{"line":5,"column":40},"end":{"line":7,"column":1}}}},"branchMap":{},"s":{"0":4,"1":4,"2":4,"3":4},"f":{"0":4},"b":{}}
,"/Users/guilhermejacobsen/www/my/exercises/clean-arch-node/src/presentation/controllers/login/login-protocol.ts": {"path":"/Users/guilhermejacobsen/www/my/exercises/clean-arch-node/src/presentation/controllers/login/login-protocol.ts","statementMap":{"0":{"start":{"line":1,"column":0},"end":{"line":1,"column":32}},"1":{"start":{"line":2,"column":0},"end":{"line":2,"column":56}},"2":{"start":{"line":3,"column":0},"end":{"line":3,"column":52}}},"fnMap":{},"branchMap":{},"s":{"0":0,"1":0,"2":0},"f":{},"b":{}}
,"/Users/guilhermejacobsen/www/my/exercises/clean-arch-node/src/presentation/controllers/login/login.ts": {"path":"/Users/guilhermejacobsen/www/my/exercises/clean-arch-node/src/presentation/controllers/login/login.ts","statementMap":{"0":{"start":{"line":8,"column":0},"end":{"line":8,"column":null}},"1":{"start":{"line":20,"column":4},"end":{"line":20,"column":41}},"2":{"start":{"line":21,"column":4},"end":{"line":21,"column":33}},"3":{"start":{"line":24,"column":4},"end":{"line":39,"column":null}},"4":{"start":{"line":25,"column":20},"end":{"line":25,"column":62}},"5":{"start":{"line":26,"column":6},"end":{"line":28,"column":null}},"6":{"start":{"line":27,"column":8},"end":{"line":27,"column":33}},"7":{"start":{"line":29,"column":34},"end":{"line":29,"column":50}},"8":{"start":{"line":31,"column":26},"end":{"line":31,"column":73}},"9":{"start":{"line":32,"column":6},"end":{"line":34,"column":null}},"10":{"start":{"line":33,"column":8},"end":{"line":33,"column":30}},"11":{"start":{"line":36,"column":6},"end":{"line":36,"column":33}},"12":{"start":{"line":38,"column":6},"end":{"line":38,"column":32}},"13":{"start":{"line":15,"column":0},"end":{"line":15,"column":13}}},"fnMap":{"0":{"name":"(anonymous_7)","decl":{"start":{"line":19,"column":2},"end":{"line":19,"column":14}},"loc":{"start":{"line":19,"column":68},"end":{"line":22,"column":3}}},"1":{"name":"(anonymous_8)","decl":{"start":{"line":23,"column":8},"end":{"line":23,"column":14}},"loc":{"start":{"line":23,"column":39},"end":{"line":40,"column":null}}}},"branchMap":{"0":{"loc":{"start":{"line":26,"column":6},"end":{"line":28,"column":null}},"type":"if","locations":[{"start":{"line":26,"column":6},"end":{"line":28,"column":null}}]},"1":{"loc":{"start":{"line":32,"column":6},"end":{"line":34,"column":null}},"type":"if","locations":[{"start":{"line":32,"column":6},"end":{"line":34,"column":null}}]}},"s":{"0":1,"1":6,"2":6,"3":6,"4":6,"5":6,"6":1,"7":5,"8":5,"9":4,"10":1,"11":3,"12":1,"13":1},"f":{"0":6,"1":6},"b":{"0":[1],"1":[1]}}
,"/Users/guilhermejacobsen/www/my/exercises/clean-arch-node/src/presentation/controllers/signup/signup-protocol.ts": {"path":"/Users/guilhermejacobsen/www/my/exercises/clean-arch-node/src/presentation/controllers/signup/signup-protocol.ts","statementMap":{"0":{"start":{"line":1,"column":0},"end":{"line":1,"column":32}},"1":{"start":{"line":2,"column":0},"end":{"line":2,"column":53}},"2":{"start":{"line":3,"column":0},"end":{"line":3,"column":47}},"3":{"start":{"line":4,"column":0},"end":{"line":4,"column":52}}},"fnMap":{},"branchMap":{},"s":{"0":0,"1":0,"2":0,"3":0},"f":{},"b":{}}
,"/Users/guilhermejacobsen/www/my/exercises/clean-arch-node/src/presentation/controllers/signup/signup.ts": {"path":"/Users/guilhermejacobsen/www/my/exercises/clean-arch-node/src/presentation/controllers/signup/signup.ts","statementMap":{"0":{"start":{"line":1,"column":0},"end":{"line":1,"column":73}},"1":{"start":{"line":15,"column":4},"end":{"line":15,"column":33}},"2":{"start":{"line":16,"column":4},"end":{"line":16,"column":33}},"3":{"start":{"line":20,"column":4},"end":{"line":38,"column":null}},"4":{"start":{"line":21,"column":20},"end":{"line":21,"column":62}},"5":{"start":{"line":23,"column":6},"end":{"line":25,"column":null}},"6":{"start":{"line":24,"column":8},"end":{"line":24,"column":33}},"7":{"start":{"line":27,"column":40},"end":{"line":27,"column":56}},"8":{"start":{"line":29,"column":22},"end":{"line":33,"column":8}},"9":{"start":{"line":35,"column":6},"end":{"line":35,"column":25}},"10":{"start":{"line":37,"column":6},"end":{"line":37,"column":32}},"11":{"start":{"line":10,"column":0},"end":{"line":10,"column":13}}},"fnMap":{"0":{"name":"(anonymous_7)","decl":{"start":{"line":14,"column":2},"end":{"line":14,"column":14}},"loc":{"start":{"line":14,"column":60},"end":{"line":17,"column":3}}},"1":{"name":"(anonymous_8)","decl":{"start":{"line":19,"column":8},"end":{"line":19,"column":14}},"loc":{"start":{"line":19,"column":39},"end":{"line":39,"column":null}}}},"branchMap":{"0":{"loc":{"start":{"line":23,"column":6},"end":{"line":25,"column":null}},"type":"if","locations":[{"start":{"line":23,"column":6},"end":{"line":25,"column":null}}]}},"s":{"0":5,"1":9,"2":9,"3":6,"4":6,"5":6,"6":1,"7":5,"8":5,"9":4,"10":1,"11":5},"f":{"0":9,"1":6},"b":{"0":[1]}}
,"/Users/guilhermejacobsen/www/my/exercises/clean-arch-node/src/presentation/errors/index.ts": {"path":"/Users/guilhermejacobsen/www/my/exercises/clean-arch-node/src/presentation/errors/index.ts","statementMap":{"0":{"start":{"line":1,"column":0},"end":{"line":1,"column":38}},"1":{"start":{"line":2,"column":0},"end":{"line":2,"column":38}},"2":{"start":{"line":3,"column":0},"end":{"line":3,"column":31}},"3":{"start":{"line":4,"column":0},"end":{"line":4,"column":37}}},"fnMap":{},"branchMap":{},"s":{"0":13,"1":13,"2":13,"3":13},"f":{},"b":{}}
,"/Users/guilhermejacobsen/www/my/exercises/clean-arch-node/src/presentation/errors/invalid-param-error.ts": {"path":"/Users/guilhermejacobsen/www/my/exercises/clean-arch-node/src/presentation/errors/invalid-param-error.ts","statementMap":{"0":{"start":{"line":3,"column":4},"end":{"line":3,"column":41}},"1":{"start":{"line":4,"column":4},"end":{"line":4,"column":36}},"2":{"start":{"line":1,"column":0},"end":{"line":1,"column":13}}},"fnMap":{"0":{"name":"(anonymous_0)","decl":{"start":{"line":2,"column":2},"end":{"line":2,"column":14}},"loc":{"start":{"line":2,"column":31},"end":{"line":5,"column":3}}}},"branchMap":{},"s":{"0":4,"1":4,"2":13},"f":{"0":4},"b":{}}
,"/Users/guilhermejacobsen/www/my/exercises/clean-arch-node/src/presentation/errors/missing-param-error.ts": {"path":"/Users/guilhermejacobsen/www/my/exercises/clean-arch-node/src/presentation/errors/missing-param-error.ts","statementMap":{"0":{"start":{"line":3,"column":4},"end":{"line":3,"column":41}},"1":{"start":{"line":4,"column":4},"end":{"line":4,"column":36}},"2":{"start":{"line":1,"column":0},"end":{"line":1,"column":13}}},"fnMap":{"0":{"name":"(anonymous_0)","decl":{"start":{"line":2,"column":2},"end":{"line":2,"column":14}},"loc":{"start":{"line":2,"column":31},"end":{"line":5,"column":3}}}},"branchMap":{},"s":{"0":9,"1":9,"2":13},"f":{"0":9},"b":{}}
,"/Users/guilhermejacobsen/www/my/exercises/clean-arch-node/src/presentation/errors/server-error.ts": {"path":"/Users/guilhermejacobsen/www/my/exercises/clean-arch-node/src/presentation/errors/server-error.ts","statementMap":{"0":{"start":{"line":3,"column":4},"end":{"line":3,"column":35}},"1":{"start":{"line":4,"column":4},"end":{"line":4,"column":30}},"2":{"start":{"line":5,"column":4},"end":{"line":5,"column":23}},"3":{"start":{"line":1,"column":0},"end":{"line":1,"column":13}}},"fnMap":{"0":{"name":"(anonymous_0)","decl":{"start":{"line":2,"column":2},"end":{"line":2,"column":14}},"loc":{"start":{"line":2,"column":27},"end":{"line":6,"column":3}}}},"branchMap":{},"s":{"0":6,"1":6,"2":6,"3":13},"f":{"0":6},"b":{}}
,"/Users/guilhermejacobsen/www/my/exercises/clean-arch-node/src/presentation/errors/unauthorized-error.ts": {"path":"/Users/guilhermejacobsen/www/my/exercises/clean-arch-node/src/presentation/errors/unauthorized-error.ts","statementMap":{"0":{"start":{"line":3,"column":4},"end":{"line":3,"column":26}},"1":{"start":{"line":4,"column":4},"end":{"line":4,"column":36}},"2":{"start":{"line":1,"column":0},"end":{"line":1,"column":13}}},"fnMap":{"0":{"name":"(anonymous_0)","decl":{"start":{"line":2,"column":2},"end":{"line":2,"column":null}},"loc":{"start":{"line":2,"column":2},"end":{"line":5,"column":3}}}},"branchMap":{},"s":{"0":2,"1":2,"2":13},"f":{"0":2},"b":{}}
,"/Users/guilhermejacobsen/www/my/exercises/clean-arch-node/src/presentation/helpers/http-helpers.ts": {"path":"/Users/guilhermejacobsen/www/my/exercises/clean-arch-node/src/presentation/helpers/http-helpers.ts","statementMap":{"0":{"start":{"line":1,"column":0},"end":{"line":1,"column":59}},"1":{"start":{"line":4,"column":26},"end":{"line":7,"column":2}},"2":{"start":{"line":4,"column":59},"end":{"line":7,"column":2}},"3":{"start":{"line":4,"column":13},"end":{"line":4,"column":26}},"4":{"start":{"line":9,"column":28},"end":{"line":12,"column":2}},"5":{"start":{"line":9,"column":49},"end":{"line":12,"column":2}},"6":{"start":{"line":9,"column":13},"end":{"line":9,"column":28}},"7":{"start":{"line":14,"column":27},"end":{"line":17,"column":2}},"8":{"start":{"line":14,"column":60},"end":{"line":17,"column":2}},"9":{"start":{"line":14,"column":13},"end":{"line":14,"column":27}},"10":{"start":{"line":19,"column":18},"end":{"line":22,"column":2}},"11":{"start":{"line":19,"column":48},"end":{"line":22,"column":2}},"12":{"start":{"line":19,"column":13},"end":{"line":19,"column":18}}},"fnMap":{"0":{"name":"(anonymous_0)","decl":{"start":{"line":4,"column":26},"end":{"line":4,"column":27}},"loc":{"start":{"line":4,"column":59},"end":{"line":7,"column":2}}},"1":{"name":"(anonymous_1)","decl":{"start":{"line":9,"column":28},"end":{"line":9,"column":45}},"loc":{"start":{"line":9,"column":49},"end":{"line":12,"column":2}}},"2":{"name":"(anonymous_2)","decl":{"start":{"line":14,"column":27},"end":{"line":14,"column":28}},"loc":{"start":{"line":14,"column":60},"end":{"line":17,"column":2}}},"3":{"name":"(anonymous_3)","decl":{"start":{"line":19,"column":18},"end":{"line":19,"column":19}},"loc":{"start":{"line":19,"column":48},"end":{"line":22,"column":2}}}},"branchMap":{},"s":{"0":7,"1":7,"2":4,"3":7,"4":7,"5":2,"6":7,"7":7,"8":5,"9":7,"10":7,"11":12,"12":7},"f":{"0":4,"1":2,"2":5,"3":12},"b":{}}
,"/Users/guilhermejacobsen/www/my/exercises/clean-arch-node/src/presentation/helpers/validators/compare-fields-validation.ts": {"path":"/Users/guilhermejacobsen/www/my/exercises/clean-arch-node/src/presentation/helpers/validators/compare-fields-validation.ts","statementMap":{"0":{"start":{"line":1,"column":0},"end":{"line":1,"column":49}},"1":{"start":{"line":9,"column":4},"end":{"line":9,"column":31}},"2":{"start":{"line":10,"column":4},"end":{"line":10,"column":49}},"3":{"start":{"line":14,"column":4},"end":{"line":16,"column":null}},"4":{"start":{"line":15,"column":6},"end":{"line":15,"column":60}},"5":{"start":{"line":4,"column":0},"end":{"line":4,"column":13}}},"fnMap":{"0":{"name":"(anonymous_0)","decl":{"start":{"line":8,"column":2},"end":{"line":8,"column":14}},"loc":{"start":{"line":8,"column":59},"end":{"line":11,"column":3}}},"1":{"name":"(anonymous_1)","decl":{"start":{"line":13,"column":2},"end":{"line":13,"column":10}},"loc":{"start":{"line":13,"column":21},"end":{"line":17,"column":3}}}},"branchMap":{"0":{"loc":{"start":{"line":14,"column":4},"end":{"line":16,"column":null}},"type":"if","locations":[{"start":{"line":14,"column":4},"end":{"line":16,"column":null}}]}},"s":{"0":6,"1":8,"2":8,"3":3,"4":1,"5":6},"f":{"0":8,"1":3},"b":{"0":[1]}}
,"/Users/guilhermejacobsen/www/my/exercises/clean-arch-node/src/presentation/helpers/validators/email-validation.ts": {"path":"/Users/guilhermejacobsen/www/my/exercises/clean-arch-node/src/presentation/helpers/validators/email-validation.ts","statementMap":{"0":{"start":{"line":2,"column":0},"end":{"line":2,"column":49}},"1":{"start":{"line":10,"column":4},"end":{"line":10,"column":31}},"2":{"start":{"line":11,"column":4},"end":{"line":11,"column":41}},"3":{"start":{"line":15,"column":4},"end":{"line":17,"column":null}},"4":{"start":{"line":16,"column":6},"end":{"line":16,"column":51}},"5":{"start":{"line":5,"column":0},"end":{"line":5,"column":13}}},"fnMap":{"0":{"name":"(anonymous_0)","decl":{"start":{"line":9,"column":2},"end":{"line":9,"column":14}},"loc":{"start":{"line":9,"column":63},"end":{"line":12,"column":3}}},"1":{"name":"(anonymous_1)","decl":{"start":{"line":14,"column":2},"end":{"line":14,"column":10}},"loc":{"start":{"line":14,"column":21},"end":{"line":18,"column":3}}}},"branchMap":{"0":{"loc":{"start":{"line":15,"column":4},"end":{"line":17,"column":null}},"type":"if","locations":[{"start":{"line":15,"column":4},"end":{"line":17,"column":null}}]}},"s":{"0":7,"1":11,"2":11,"3":4,"4":1,"5":7},"f":{"0":11,"1":4},"b":{"0":[1]}}
,"/Users/guilhermejacobsen/www/my/exercises/clean-arch-node/src/presentation/helpers/validators/required-field-validation.ts": {"path":"/Users/guilhermejacobsen/www/my/exercises/clean-arch-node/src/presentation/helpers/validators/required-field-validation.ts","statementMap":{"0":{"start":{"line":1,"column":0},"end":{"line":1,"column":49}},"1":{"start":{"line":8,"column":4},"end":{"line":8,"column":31}},"2":{"start":{"line":12,"column":4},"end":{"line":14,"column":null}},"3":{"start":{"line":13,"column":6},"end":{"line":13,"column":51}},"4":{"start":{"line":4,"column":0},"end":{"line":4,"column":13}}},"fnMap":{"0":{"name":"(anonymous_0)","decl":{"start":{"line":7,"column":2},"end":{"line":7,"column":14}},"loc":{"start":{"line":7,"column":31},"end":{"line":9,"column":3}}},"1":{"name":"(anonymous_1)","decl":{"start":{"line":11,"column":2},"end":{"line":11,"column":10}},"loc":{"start":{"line":11,"column":21},"end":{"line":15,"column":3}}}},"branchMap":{"0":{"loc":{"start":{"line":12,"column":4},"end":{"line":14,"column":null}},"type":"if","locations":[{"start":{"line":12,"column":4},"end":{"line":14,"column":null}}]}},"s":{"0":7,"1":30,"2":6,"3":1,"4":7},"f":{"0":30,"1":6},"b":{"0":[1]}}
,"/Users/guilhermejacobsen/www/my/exercises/clean-arch-node/src/presentation/helpers/validators/validation-composite.ts": {"path":"/Users/guilhermejacobsen/www/my/exercises/clean-arch-node/src/presentation/helpers/validators/validation-composite.ts","statementMap":{"0":{"start":{"line":7,"column":4},"end":{"line":7,"column":35}},"1":{"start":{"line":11,"column":4},"end":{"line":16,"column":null}},"2":{"start":{"line":12,"column":20},"end":{"line":12,"column":46}},"3":{"start":{"line":13,"column":6},"end":{"line":15,"column":null}},"4":{"start":{"line":14,"column":8},"end":{"line":14,"column":21}},"5":{"start":{"line":3,"column":0},"end":{"line":3,"column":13}}},"fnMap":{"0":{"name":"(anonymous_0)","decl":{"start":{"line":6,"column":2},"end":{"line":6,"column":14}},"loc":{"start":{"line":6,"column":39},"end":{"line":8,"column":3}}},"1":{"name":"(anonymous_1)","decl":{"start":{"line":10,"column":2},"end":{"line":10,"column":10}},"loc":{"start":{"line":10,"column":21},"end":{"line":17,"column":3}}}},"branchMap":{"0":{"loc":{"start":{"line":13,"column":6},"end":{"line":15,"column":null}},"type":"if","locations":[{"start":{"line":13,"column":6},"end":{"line":15,"column":null}}]}},"s":{"0":7,"1":4,"2":10,"3":10,"4":2,"5":7},"f":{"0":7,"1":4},"b":{"0":[2]}}
,"/Users/guilhermejacobsen/www/my/exercises/clean-arch-node/src/presentation/protocols/index.ts": {"path":"/Users/guilhermejacobsen/www/my/exercises/clean-arch-node/src/presentation/protocols/index.ts","statementMap":{"0":{"start":{"line":1,"column":0},"end":{"line":1,"column":29}},"1":{"start":{"line":2,"column":0},"end":{"line":2,"column":23}}},"fnMap":{},"branchMap":{},"s":{"0":0,"1":0},"f":{},"b":{}}
,"/Users/guilhermejacobsen/www/my/exercises/clean-arch-node/src/utils/email-validator-adapter.ts": {"path":"/Users/guilhermejacobsen/www/my/exercises/clean-arch-node/src/utils/email-validator-adapter.ts","statementMap":{"0":{"start":{"line":2,"column":0},"end":{"line":2,"column":34}},"1":{"start":{"line":6,"column":4},"end":{"line":6,"column":36}},"2":{"start":{"line":4,"column":0},"end":{"line":4,"column":13}}},"fnMap":{"0":{"name":"(anonymous_1)","decl":{"start":{"line":5,"column":2},"end":{"line":5,"column":9}},"loc":{"start":{"line":5,"column":23},"end":{"line":7,"column":3}}}},"branchMap":{},"s":{"0":7,"1":4,"2":7},"f":{"0":4},"b":{}}
}
