TN:
SF:src/index.ts
FNF:0
FNH:0
DA:1,0
LF:1
LH:0
BRF:0
BRH:0
end_of_record
TN:
SF:src/data/usecases/db-add-account/db-account-protocols.ts
FNF:0
FNH:0
DA:1,0
DA:2,0
DA:3,0
DA:4,0
LF:4
LH:0
BRF:0
BRH:0
end_of_record
TN:
SF:src/data/usecases/db-add-account/db-add-account.ts
FN:13,(anonymous_7)
FN:21,(anonymous_8)
FN:26,(anonymous_10)
FNF:3
FNH:3
FNDA:9,(anonymous_7)
FNDA:6,(anonymous_8)
FNDA:4,(anonymous_10)
DA:9,5
DA:17,9
DA:18,9
DA:22,6
DA:23,5
DA:26,4
LF:6
LH:6
BRF:0
BRH:0
end_of_record
TN:
SF:src/infra/criptography/bcrypt-adapter.ts
FN:7,(anonymous_8)
FN:10,(anonymous_9)
FNF:2
FNH:2
FNDA:7,(anonymous_8)
FNDA:4,(anonymous_9)
DA:1,5
DA:4,5
DA:8,7
DA:11,4
DA:12,3
LF:5
LH:5
BRF:0
BRH:0
end_of_record
TN:
SF:src/infra/db/mongodb/account-repository/account.ts
FN:7,(anonymous_7)
FNF:1
FNH:1
FNDA:2,(anonymous_7)
DA:4,5
DA:6,5
DA:8,2
DA:9,2
DA:10,2
DA:13,2
LF:6
LH:6
BRF:0
BRH:0
end_of_record
TN:
SF:src/infra/db/mongodb/helpers/mongo-helper.ts
FN:7,(anonymous_8)
FN:12,(anonymous_10)
FN:17,(anonymous_12)
FN:24,(anonymous_14)
FNF:4
FNH:4
FNDA:5,(anonymous_8)
FNDA:5,(anonymous_10)
FNDA:8,(anonymous_12)
FNDA:2,(anonymous_14)
DA:1,7
DA:3,7
DA:8,5
DA:9,5
DA:13,5
DA:14,5
DA:18,8
DA:19,1
DA:21,8
DA:25,2
DA:26,2
LF:11
LH:11
BRDA:18,0,0,1
BRF:1
BRH:1
end_of_record
TN:
SF:src/infra/db/mongodb/log-repository/log.ts
FN:5,(anonymous_7)
FNF:1
FNH:1
FNDA:1,(anonymous_7)
DA:2,5
DA:4,5
DA:6,1
DA:7,1
LF:4
LH:4
BRF:0
BRH:0
end_of_record
TN:
SF:src/main/server.ts
FN:5,(anonymous_14)
FN:5,(anonymous_15)
FN:6,(anonymous_16)
FN:7,(anonymous_17)
FNF:4
FNH:0
FNDA:0,(anonymous_14)
FNDA:0,(anonymous_15)
FNDA:0,(anonymous_16)
FNDA:0,(anonymous_17)
DA:1,0
DA:2,0
DA:4,0
DA:5,0
DA:6,0
DA:7,0
DA:8,0
LF:7
LH:0
BRF:0
BRH:0
end_of_record
TN:
SF:src/main/adapters/express-route-adapter.ts
FN:4,(anonymous_7)
FN:5,(anonymous_8)
FN:5,(anonymous_9)
FNF:3
FNH:3
FNDA:4,(anonymous_7)
FNDA:1,(anonymous_8)
FNDA:1,(anonymous_9)
DA:4,4
DA:5,4
DA:6,1
DA:9,1
DA:10,1
DA:11,1
DA:13,0
LF:7
LH:6
BRDA:10,0,0,1
BRDA:10,0,1,0
BRF:2
BRH:1
end_of_record
TN:
SF:src/main/config/app.ts
FNF:0
FNH:0
DA:1,4
DA:2,4
DA:3,4
DA:5,4
DA:6,4
DA:7,4
DA:9,4
LF:7
LH:7
BRF:0
BRH:0
end_of_record
TN:
SF:src/main/config/env.ts
FNF:0
FNH:0
DA:1,0
LF:1
LH:0
BRDA:2,0,0,0
BRDA:2,0,1,0
BRDA:3,1,0,0
BRDA:3,1,1,0
BRF:4
BRH:0
end_of_record
TN:
SF:src/main/config/middlewares.ts
FN:4,(anonymous_0)
FNF:1
FNH:1
FNDA:4,(anonymous_0)
DA:2,4
DA:4,4
DA:5,4
DA:6,4
DA:7,4
LF:5
LH:5
BRF:0
BRH:0
end_of_record
TN:
SF:src/main/config/routes.ts
FN:4,(anonymous_14)
FN:7,(anonymous_15)
FN:7,(anonymous_16)
FN:8,(anonymous_17)
FNF:4
FNH:4
FNDA:4,(anonymous_14)
FNDA:4,(anonymous_15)
FNDA:4,(anonymous_16)
FNDA:4,(anonymous_17)
DA:1,4
DA:2,4
DA:4,4
DA:5,4
DA:6,4
DA:7,4
DA:8,4
LF:7
LH:7
BRF:0
BRH:0
end_of_record
TN:
SF:src/main/decorators/log.ts
FN:11,(anonymous_7)
FN:15,(anonymous_8)
FNF:2
FNH:2
FNDA:7,(anonymous_7)
FNDA:4,(anonymous_8)
DA:8,5
DA:12,7
DA:13,7
DA:16,4
DA:17,4
DA:18,1
DA:20,4
LF:7
LH:7
BRDA:17,0,0,1
BRF:1
BRH:1
end_of_record
TN:
SF:src/main/factories/login/login-validation.ts
FN:7,(anonymous_0)
FNF:1
FNH:1
FNDA:1,(anonymous_0)
DA:1,1
DA:2,1
DA:4,1
DA:5,1
DA:7,1
DA:8,1
DA:9,1
DA:10,2
DA:12,1
DA:14,1
LF:10
LH:10
BRF:0
BRH:0
end_of_record
TN:
SF:src/main/factories/signup/signup-validation.ts
FN:8,(anonymous_0)
FNF:1
FNH:1
FNDA:5,(anonymous_0)
DA:1,5
DA:2,5
DA:3,5
DA:5,5
DA:6,5
DA:8,5
DA:9,5
DA:10,5
DA:11,20
DA:13,5
DA:17,5
DA:19,5
LF:12
LH:12
BRF:0
BRH:0
end_of_record
TN:
SF:src/main/factories/signup/signup.ts
FN:10,(anonymous_0)
FNF:1
FNH:1
FNDA:4,(anonymous_0)
DA:1,4
DA:2,4
DA:3,4
DA:4,4
DA:5,4
DA:7,4
DA:8,4
DA:10,4
DA:11,4
DA:12,4
DA:13,4
DA:14,4
DA:15,4
DA:17,4
DA:21,4
LF:15
LH:15
BRF:0
BRH:0
end_of_record
TN:
SF:src/main/middlewares/body-parser.ts
FNF:0
FNH:0
DA:1,4
DA:3,4
LF:2
LH:2
BRF:0
BRH:0
end_of_record
TN:
SF:src/main/middlewares/content-type.ts
FN:2,(anonymous_0)
FNF:1
FNH:1
FNDA:5,(anonymous_0)
DA:2,4
DA:7,5
DA:8,5
LF:3
LH:3
BRF:0
BRH:0
end_of_record
TN:
SF:src/main/middlewares/cors.ts
FN:2,(anonymous_0)
FNF:1
FNH:1
FNDA:5,(anonymous_0)
DA:2,4
DA:3,5
DA:4,5
DA:5,5
DA:6,5
LF:5
LH:5
BRF:0
BRH:0
end_of_record
TN:
SF:src/main/middlewares/index.ts
FNF:0
FNH:0
DA:1,4
DA:2,4
DA:3,4
LF:3
LH:3
BRF:0
BRH:0
end_of_record
TN:
SF:src/main/routes/signup-routes.ts
FN:5,(anonymous_0)
FNF:1
FNH:1
FNDA:4,(anonymous_0)
DA:2,4
DA:3,4
DA:5,4
DA:6,4
LF:4
LH:4
BRF:0
BRH:0
end_of_record
TN:
SF:src/presentation/controllers/login/login-protocol.ts
FNF:0
FNH:0
DA:1,0
DA:2,0
DA:3,0
LF:3
LH:0
BRF:0
BRH:0
end_of_record
TN:
SF:src/presentation/controllers/login/login.ts
FN:19,(anonymous_7)
FN:23,(anonymous_8)
FNF:2
FNH:2
FNDA:6,(anonymous_7)
FNDA:6,(anonymous_8)
DA:8,1
DA:15,1
DA:20,6
DA:21,6
DA:24,6
DA:25,6
DA:26,6
DA:27,1
DA:29,5
DA:31,5
DA:32,4
DA:33,1
DA:36,3
DA:38,1
LF:14
LH:14
BRDA:26,0,0,1
BRDA:32,1,0,1
BRF:2
BRH:2
end_of_record
TN:
SF:src/presentation/controllers/signup/signup-protocol.ts
FNF:0
FNH:0
DA:1,0
DA:2,0
DA:3,0
DA:4,0
LF:4
LH:0
BRF:0
BRH:0
end_of_record
TN:
SF:src/presentation/controllers/signup/signup.ts
FN:14,(anonymous_7)
FN:19,(anonymous_8)
FNF:2
FNH:2
FNDA:9,(anonymous_7)
FNDA:6,(anonymous_8)
DA:1,5
DA:10,5
DA:15,9
DA:16,9
DA:20,6
DA:21,6
DA:23,6
DA:24,1
DA:27,5
DA:29,5
DA:35,4
DA:37,1
LF:12
LH:12
BRDA:23,0,0,1
BRF:1
BRH:1
end_of_record
TN:
SF:src/presentation/errors/index.ts
FNF:0
FNH:0
DA:1,13
DA:2,13
DA:3,13
DA:4,13
LF:4
LH:4
BRF:0
BRH:0
end_of_record
TN:
SF:src/presentation/errors/invalid-param-error.ts
FN:2,(anonymous_0)
FNF:1
FNH:1
FNDA:4,(anonymous_0)
DA:1,13
DA:3,4
DA:4,4
LF:3
LH:3
BRF:0
BRH:0
end_of_record
TN:
SF:src/presentation/errors/missing-param-error.ts
FN:2,(anonymous_0)
FNF:1
FNH:1
FNDA:9,(anonymous_0)
DA:1,13
DA:3,9
DA:4,9
LF:3
LH:3
BRF:0
BRH:0
end_of_record
TN:
SF:src/presentation/errors/server-error.ts
FN:2,(anonymous_0)
FNF:1
FNH:1
FNDA:6,(anonymous_0)
DA:1,13
DA:3,6
DA:4,6
DA:5,6
LF:4
LH:4
BRF:0
BRH:0
end_of_record
TN:
SF:src/presentation/errors/unauthorized-error.ts
FN:2,(anonymous_0)
FNF:1
FNH:1
FNDA:2,(anonymous_0)
DA:1,13
DA:3,2
DA:4,2
LF:3
LH:3
BRF:0
BRH:0
end_of_record
TN:
SF:src/presentation/helpers/http-helpers.ts
FN:4,(anonymous_0)
FN:9,(anonymous_1)
FN:14,(anonymous_2)
FN:19,(anonymous_3)
FNF:4
FNH:4
FNDA:4,(anonymous_0)
FNDA:2,(anonymous_1)
FNDA:5,(anonymous_2)
FNDA:12,(anonymous_3)
DA:1,7
DA:4,7
DA:9,7
DA:14,7
DA:19,12
LF:5
LH:5
BRF:0
BRH:0
end_of_record
TN:
SF:src/presentation/helpers/validators/compare-fields-validation.ts
FN:8,(anonymous_0)
FN:13,(anonymous_1)
FNF:2
FNH:2
FNDA:8,(anonymous_0)
FNDA:3,(anonymous_1)
DA:1,6
DA:4,6
DA:9,8
DA:10,8
DA:14,3
DA:15,1
LF:6
LH:6
BRDA:14,0,0,1
BRF:1
BRH:1
end_of_record
TN:
SF:src/presentation/helpers/validators/email-validation.ts
FN:9,(anonymous_0)
FN:14,(anonymous_1)
FNF:2
FNH:2
FNDA:11,(anonymous_0)
FNDA:4,(anonymous_1)
DA:2,7
DA:5,7
DA:10,11
DA:11,11
DA:15,4
DA:16,1
LF:6
LH:6
BRDA:15,0,0,1
BRF:1
BRH:1
end_of_record
TN:
SF:src/presentation/helpers/validators/required-field-validation.ts
FN:7,(anonymous_0)
FN:11,(anonymous_1)
FNF:2
FNH:2
FNDA:30,(anonymous_0)
FNDA:6,(anonymous_1)
DA:1,7
DA:4,7
DA:8,30
DA:12,6
DA:13,1
LF:5
LH:5
BRDA:12,0,0,1
BRF:1
BRH:1
end_of_record
TN:
SF:src/presentation/helpers/validators/validation-composite.ts
FN:6,(anonymous_0)
FN:10,(anonymous_1)
FNF:2
FNH:2
FNDA:7,(anonymous_0)
FNDA:4,(anonymous_1)
DA:3,7
DA:7,7
DA:11,4
DA:12,10
DA:13,10
DA:14,2
LF:6
LH:6
BRDA:13,0,0,2
BRF:1
BRH:1
end_of_record
TN:
SF:src/presentation/protocols/index.ts
FNF:0
FNH:0
DA:1,0
DA:2,0
LF:2
LH:0
BRF:0
BRH:0
end_of_record
TN:
SF:src/utils/email-validator-adapter.ts
FN:5,(anonymous_1)
FNF:1
FNH:1
FNDA:4,(anonymous_1)
DA:2,7
DA:4,7
DA:6,4
LF:3
LH:3
BRF:0
BRH:0
end_of_record
